<?xml version="1.0" encoding="UTF-8"?>
<!-- Generated by org.testng.reporters.JUnitReportReporter -->
<testsuite skipped="0" hostname="DESKTOP-QR6OSEU" name="com.sgtesting.dataproviderassignments.Assignment6" tests="11" failures="0" timestamp="2021-09-19T05:38:33 PDT" time="38.636" errors="0">
  <testcase name="launchBrowser" time="2.788" classname="com.sgtesting.dataproviderassignments.Assignment6"/>
  <system-out/>
  <testcase name="navigate" time="8.785" classname="com.sgtesting.dataproviderassignments.Assignment6"/>
  <system-out/>
  <testcase name="login" time="5.335" classname="com.sgtesting.dataproviderassignments.Assignment6"/>
  <system-out/>
  <testcase name="minimizeFlyOutWindow" time="2.168" classname="com.sgtesting.dataproviderassignments.Assignment6"/>
  <system-out/>
  <testcase name="createCustomer" time="13.456" classname="com.sgtesting.dataproviderassignments.Assignment6"/>
  <system-out/>
  <testcase name="createProject" time="1.143" classname="com.sgtesting.dataproviderassignments.Assignment6"/>
  <system-out/>
  <testcase name="modifyProject" time="1.179" classname="com.sgtesting.dataproviderassignments.Assignment6"/>
  <system-out/>
  <testcase name="deleteProject" time="1.119" classname="com.sgtesting.dataproviderassignments.Assignment6"/>
  <system-out/>
  <testcase name="deleteCustomer" time="1.110" classname="com.sgtesting.dataproviderassignments.Assignment6"/>
  <system-out/>
  <testcase name="logout" time="1.119" classname="com.sgtesting.dataproviderassignments.Assignment6"/>
  <system-out/>
  <testcase name="closeApplication" time="0.434" classname="com.sgtesting.dataproviderassignments.Assignment6"/>
  <system-out/>
</testsuite> <!-- com.sgtesting.dataproviderassignments.Assignment6 -->
