<?xml version="1.0" encoding="UTF-8"?>
<!-- Generated by org.testng.reporters.JUnitReportReporter -->
<testsuite skipped="0" hostname="DESKTOP-QR6OSEU" name="com.sgtesting.dataproviderassignments.Assignment5" tests="10" failures="0" timestamp="2021-09-19T05:38:33 PDT" time="43.490" errors="0">
  <testcase name="launchBrowser" time="4.008" classname="com.sgtesting.dataproviderassignments.Assignment5"/>
  <system-out/>
  <testcase name="navigate" time="7.973" classname="com.sgtesting.dataproviderassignments.Assignment5"/>
  <system-out/>
  <testcase name="login" time="5.359" classname="com.sgtesting.dataproviderassignments.Assignment5"/>
  <system-out/>
  <testcase name="minimizeFlyOutWindow" time="6.997" classname="com.sgtesting.dataproviderassignments.Assignment5"/>
  <system-out/>
  <testcase name="createCustomer" time="14.303" classname="com.sgtesting.dataproviderassignments.Assignment5"/>
  <system-out/>
  <testcase name="deleteProject" time="1.149" classname="com.sgtesting.dataproviderassignments.Assignment5"/>
  <system-out/>
  <testcase name="createProject" time="1.067" classname="com.sgtesting.dataproviderassignments.Assignment5"/>
  <system-out/>
  <testcase name="deleteCustomer" time="1.175" classname="com.sgtesting.dataproviderassignments.Assignment5"/>
  <system-out/>
  <testcase name="logout" time="1.120" classname="com.sgtesting.dataproviderassignments.Assignment5"/>
  <system-out/>
  <testcase name="closeApplication" time="0.339" classname="com.sgtesting.dataproviderassignments.Assignment5"/>
  <system-out/>
</testsuite> <!-- com.sgtesting.dataproviderassignments.Assignment5 -->
