<?xml version="1.0" encoding="UTF-8"?>
<!-- Generated by org.testng.reporters.JUnitReportReporter -->
<testsuite skipped="0" hostname="DESKTOP-QR6OSEU" name="com.sgtesting.dataproviderassignments.Assignment7" tests="12" failures="0" timestamp="2021-09-19T05:38:33 PDT" time="39.658" errors="0">
  <testcase name="launchBrowser" time="3.512" classname="com.sgtesting.dataproviderassignments.Assignment7"/>
  <system-out/>
  <testcase name="navigate" time="8.567" classname="com.sgtesting.dataproviderassignments.Assignment7"/>
  <system-out/>
  <testcase name="login" time="5.346" classname="com.sgtesting.dataproviderassignments.Assignment7"/>
  <system-out/>
  <testcase name="minimizeFlyOutWindow" time="2.118" classname="com.sgtesting.dataproviderassignments.Assignment7"/>
  <system-out/>
  <testcase name="createCustomer" time="13.875" classname="com.sgtesting.dataproviderassignments.Assignment7"/>
  <system-out/>
  <testcase name="createProject" time="1.105" classname="com.sgtesting.dataproviderassignments.Assignment7"/>
  <system-out/>
  <testcase name="createTask" time="1.111" classname="com.sgtesting.dataproviderassignments.Assignment7"/>
  <system-out/>
  <testcase name="deleteTask" time="0.036" classname="com.sgtesting.dataproviderassignments.Assignment7"/>
  <system-out/>
  <testcase name="deleteProject" time="1.149" classname="com.sgtesting.dataproviderassignments.Assignment7"/>
  <system-out/>
  <testcase name="logout" time="1.146" classname="com.sgtesting.dataproviderassignments.Assignment7"/>
  <system-out/>
  <testcase name="deleteCustomer" time="1.167" classname="com.sgtesting.dataproviderassignments.Assignment7"/>
  <system-out/>
  <testcase name="closeApplication" time="0.526" classname="com.sgtesting.dataproviderassignments.Assignment7"/>
  <system-out/>
</testsuite> <!-- com.sgtesting.dataproviderassignments.Assignment7 -->
