<?xml version="1.0" encoding="UTF-8"?>
<!-- Generated by org.testng.reporters.JUnitReportReporter -->
<testsuite skipped="1" hostname="DESKTOP-QR6OSEU" name="com.sgtesting.dataproviderdemo.LoginLogoutDemo" tests="7" failures="0" timestamp="2021-09-22T10:02:08 PDT" time="56.290" errors="0">
  <testcase name="launchBrowser" time="9.646" classname="com.sgtesting.dataproviderdemo.LoginLogoutDemo"/>
  <system-out/>
  <testcase name="navigate" time="12.516" classname="com.sgtesting.dataproviderdemo.LoginLogoutDemo"/>
  <system-out/>
  <testcase name="login" time="9.220" classname="com.sgtesting.dataproviderdemo.LoginLogoutDemo"/>
  <system-out/>
  <testcase name="login" time="15.027" classname="com.sgtesting.dataproviderdemo.LoginLogoutDemo"/>
  <system-out/>
  <testcase name="login" time="9.006" classname="com.sgtesting.dataproviderdemo.LoginLogoutDemo"/>
  <system-out/>
  <testcase name="closeApplication" time="0.875" classname="com.sgtesting.dataproviderdemo.LoginLogoutDemo"/>
  <system-out/>
  <testcase name="minimizeFlyOutWindow" classname="com.sgtesting.dataproviderdemo.LoginLogoutDemo">
    <skipped/>
  </testcase> <!-- minimizeFlyOutWindow -->
  <system-out/>
</testsuite> <!-- com.sgtesting.dataproviderdemo.LoginLogoutDemo -->
