<?xml version="1.0" encoding="UTF-8"?>
<!-- Generated by org.testng.reporters.JUnitReportReporter -->
<testsuite skipped="0" hostname="DESKTOP-QR6OSEU" name="com.sgtesting.dataproviderassignments.Assignment3" tests="8" failures="0" timestamp="2021-09-19T05:38:33 PDT" time="36.574" errors="0">
  <testcase name="launchBrowser" time="4.326" classname="com.sgtesting.dataproviderassignments.Assignment3"/>
  <system-out/>
  <testcase name="navigate" time="7.995" classname="com.sgtesting.dataproviderassignments.Assignment3"/>
  <system-out/>
  <testcase name="login" time="5.347" classname="com.sgtesting.dataproviderassignments.Assignment3"/>
  <system-out/>
  <testcase name="minimizeFlyOutWindow" time="2.112" classname="com.sgtesting.dataproviderassignments.Assignment3"/>
  <system-out/>
  <testcase name="createCustomer" time="13.506" classname="com.sgtesting.dataproviderassignments.Assignment3"/>
  <system-out/>
  <testcase name="deleteCustomer" time="1.785" classname="com.sgtesting.dataproviderassignments.Assignment3"/>
  <system-out/>
  <testcase name="logout" time="1.183" classname="com.sgtesting.dataproviderassignments.Assignment3"/>
  <system-out/>
  <testcase name="closeApplication" time="0.320" classname="com.sgtesting.dataproviderassignments.Assignment3"/>
  <system-out/>
</testsuite> <!-- com.sgtesting.dataproviderassignments.Assignment3 -->
