<?xml version="1.0" encoding="UTF-8"?>
<!-- Generated by org.testng.reporters.JUnitReportReporter -->
<testsuite skipped="0" hostname="DESKTOP-QR6OSEU" name="com.sgtesting.dataproviderassignments.Assignment2" tests="9" failures="0" timestamp="2021-09-19T05:38:33 PDT" time="73.312" errors="0">
  <testcase name="launchBrowser" time="7.254" classname="com.sgtesting.dataproviderassignments.Assignment2"/>
  <system-out/>
  <testcase name="navigate" time="7.365" classname="com.sgtesting.dataproviderassignments.Assignment2"/>
  <system-out/>
  <testcase name="login" time="5.255" classname="com.sgtesting.dataproviderassignments.Assignment2"/>
  <system-out/>
  <testcase name="minimizeFlyOutWindow" time="3.080" classname="com.sgtesting.dataproviderassignments.Assignment2"/>
  <system-out/>
  <testcase name="createUser" time="23.485" classname="com.sgtesting.dataproviderassignments.Assignment2"/>
  <system-out/>
  <testcase name="modifyUser" time="14.822" classname="com.sgtesting.dataproviderassignments.Assignment2"/>
  <system-out/>
  <testcase name="deleteUser" time="8.505" classname="com.sgtesting.dataproviderassignments.Assignment2"/>
  <system-out/>
  <testcase name="logout" time="2.542" classname="com.sgtesting.dataproviderassignments.Assignment2"/>
  <system-out/>
  <testcase name="closeApplication" time="1.004" classname="com.sgtesting.dataproviderassignments.Assignment2"/>
  <system-out/>
</testsuite> <!-- com.sgtesting.dataproviderassignments.Assignment2 -->
