<?xml version="1.0" encoding="UTF-8"?>
<!-- Generated by org.testng.reporters.JUnitReportReporter -->
<testsuite skipped="0" hostname="DESKTOP-QR6OSEU" name="com.sgtesting.dataproviderassignments.Assignment4" tests="9" failures="0" timestamp="2021-09-19T05:38:33 PDT" time="36.853" errors="0">
  <testcase name="launchBrowser" time="2.784" classname="com.sgtesting.dataproviderassignments.Assignment4"/>
  <system-out/>
  <testcase name="navigate" time="9.164" classname="com.sgtesting.dataproviderassignments.Assignment4"/>
  <system-out/>
  <testcase name="login" time="5.358" classname="com.sgtesting.dataproviderassignments.Assignment4"/>
  <system-out/>
  <testcase name="minimizeFlyOutWindow" time="2.105" classname="com.sgtesting.dataproviderassignments.Assignment4"/>
  <system-out/>
  <testcase name="modifyCustomer" time="1.173" classname="com.sgtesting.dataproviderassignments.Assignment4"/>
  <system-out/>
  <testcase name="createCustomer" time="13.607" classname="com.sgtesting.dataproviderassignments.Assignment4"/>
  <system-out/>
  <testcase name="deleteCustomer" time="1.141" classname="com.sgtesting.dataproviderassignments.Assignment4"/>
  <system-out/>
  <testcase name="logout" time="1.134" classname="com.sgtesting.dataproviderassignments.Assignment4"/>
  <system-out/>
  <testcase name="closeApplication" time="0.387" classname="com.sgtesting.dataproviderassignments.Assignment4"/>
  <system-out/>
</testsuite> <!-- com.sgtesting.dataproviderassignments.Assignment4 -->
